<?xml version="1.0" encoding="UTF-8"?>
<!-- Generated by org.testng.reporters.JUnitReportReporter -->
<testsuite hostname="DESKTOP-R99HG8B" failures="0" tests="4" name="vTEST.WMS.ItemTest" time="50.796" errors="0" timestamp="2022-11-28T19:01:37 IST" skipped="0">
  <testcase classname="vTEST.WMS.ItemTest" name="loginWMS" time="25.887"/>
  <system-out/>
  <testcase classname="vTEST.WMS.ItemTest" name="navigatetoItems" time="10.389"/>
  <system-out/>
  <testcase classname="vTEST.WMS.ItemTest" name="add_New_Item" time="8.077"/>
  <system-out/>
  <testcase classname="vTEST.WMS.ItemTest" name="searchItem" time="6.443"/>
  <system-out/>
</testsuite> <!-- vTEST.WMS.ItemTest -->
