<?xml version="1.0" encoding="UTF-8"?>
<!-- Generated by org.testng.reporters.JUnitReportReporter -->
<testsuite hostname="DESKTOP-R99HG8B" failures="0" tests="1" name="vTEST.WMS.TestBase" time="3.958" errors="0" timestamp="2022-10-15T22:13:15 IST" skipped="0">
  <testcase classname="vTEST.WMS.TestBase" name="setup" time="3.958"/>
  <system-out/>
</testsuite> <!-- vTEST.WMS.TestBase -->
