<?xml version="1.0" encoding="UTF-8"?>
<!-- Generated by org.testng.reporters.JUnitReportReporter -->
<testsuite hostname="DESKTOP-R99HG8B" failures="0" tests="10" name="vTEST.WMS.TestData" time="0.047" errors="0" timestamp="2022-11-11T19:21:40 IST" skipped="0">
  <testcase classname="vTEST.WMS.TestData" name="Test" time="0.002"/>
  <system-out/>
  <testcase classname="vTEST.WMS.TestData" name="Test" time="0.004"/>
  <system-out/>
  <testcase classname="vTEST.WMS.TestData" name="Test" time="0.002"/>
  <system-out/>
  <testcase classname="vTEST.WMS.TestData" name="Test" time="0.004"/>
  <system-out/>
  <testcase classname="vTEST.WMS.TestData" name="Test" time="0.004"/>
  <system-out/>
  <testcase classname="vTEST.WMS.TestData" name="Test" time="0.010"/>
  <system-out/>
  <testcase classname="vTEST.WMS.TestData" name="Test" time="0.009"/>
  <system-out/>
  <testcase classname="vTEST.WMS.TestData" name="Test" time="0.004"/>
  <system-out/>
  <testcase classname="vTEST.WMS.TestData" name="Test" time="0.003"/>
  <system-out/>
  <testcase classname="vTEST.WMS.TestData" name="Test" time="0.005"/>
  <system-out/>
</testsuite> <!-- vTEST.WMS.TestData -->
