<?xml version="1.0" encoding="UTF-8"?>
<!-- Generated by org.testng.reporters.JUnitReportReporter -->
<testsuite hostname="DESKTOP-R99HG8B" failures="0" tests="1" name="vTEST.WMS.DataProvider" time="0.013" errors="0" timestamp="2022-10-25T09:34:28 IST" skipped="0">
  <testcase classname="vTEST.WMS.DataProvider" name="Test1" time="0.013"/>
  <system-out/>
</testsuite> <!-- vTEST.WMS.DataProvider -->
